<?xml version="1.0" encoding="UTF-8"?>
<!-- Generated by org.testng.reporters.JUnitReportReporter -->
<testsuite hostname="LAPTOP-RG2DJRNT" failures="0" tests="1" name="com.runner.runnerTestNG" time="14.852" errors="0" timestamp="2025-04-07T21:17:23 IST" skipped="0">
  <testcase classname="com.runner.runnerTestNG" name="runScenario" time="14.852"/>
</testsuite> <!-- com.runner.runnerTestNG -->
