<?xml version="1.0" encoding="UTF-8"?>
<!-- Generated by org.testng.reporters.JUnitReportReporter -->
<testsuite hostname="LAPTOP-RG2DJRNT" failures="0" tests="1" name="com.runner.runnerTestNG" time="11.811" errors="0" timestamp="2025-04-03T20:22:15 IST" skipped="0">
  <testcase classname="com.runner.runnerTestNG" name="runScenario" time="11.811"/>
</testsuite> <!-- com.runner.runnerTestNG -->
